Added Component: Designator=C1(CAPC0603(1608)55_N)
Added Component: Designator=C2(CAPC0603(1608)55_N)
Added Component: Designator=C3(CAPC0603(1608)55_N)
Added Component: Designator=C4(CAPC0603(1608)55_N)
Added Component: Designator=C5(CAPC0603(1608)55_N)
Added Component: Designator=C6(CAPC0603(1608)100_L)
Added Component: Designator=C7(CAPC1206(3216)190_M)
Added Component: Designator=C8(CAPC1206(3216)190_M)
Added Component: Designator=C9(CAPC0603(1608)100_L)
Added Component: Designator=C10(CAPC0603(1608)100_L)
Added Component: Designator=C11(CAPC1210(3225)280_N)
Added Component: Designator=C12(CAPC1210(3225)280_N)
Added Component: Designator=C13(AVX-CAPC7343_V)
Added Component: Designator=C14(CAPC0603(1608)55_N)
Added Component: Designator=C15(CAPC1206(3216)190_M)
Added Component: Designator=C16(CAPC0805(2012)145_N)
Added Component: Designator=C17(CAPC0603(1608)100_N)
Added Component: Designator=C18(CAPC1206(3216)190_M)
Added Component: Designator=C19(CAPC1206(3216)190_M)
Added Component: Designator=C20(CAPC0805(2012)145_N)
Added Component: Designator=C21(CAPC1206(3216)190_M)
Added Component: Designator=C22(CAPC0603(1608)100_L)
Added Component: Designator=C23(CAPC0603(1608)100_L)
Added Component: Designator=C24(CAPC0603(1608)100_L)
Added Component: Designator=C25(CAPC1206(3216)190_M)
Added Component: Designator=C26(CAPC1206(3216)190_M)
Added Component: Designator=C27(CAPC1206(3216)190_M)
Added Component: Designator=C28(CAPC1206(3216)190_M)
Added Component: Designator=C29(CAPC1206(3216)190_M)
Added Component: Designator=C30(CAPC1206(3216)190_M)
Added Component: Designator=C31(CAPC0603(1608)55_N)
Added Component: Designator=C32(CAPC0603(1608)55_N)
Added Component: Designator=C33(CAPC0603(1608)55_N)
Added Component: Designator=C34(CAPC0603(1608)55_N)
Added Component: Designator=C35(CAPC0603(1608)55_N)
Added Component: Designator=D1(LED-1206)
Added Component: Designator=D2(VISH-DO-214AC-2_N)
Added Component: Designator=D3(LED-1206)
Added Component: Designator=D4(LED-1206)
Added Component: Designator=D5(LED-1206)
Added Component: Designator=D6(SMB)
Added Component: Designator=JP1(JST-5-PTH-VERT)
Added Component: Designator=JP2(JST-7-PTH-VERT)
Added Component: Designator=L1(SDR0805-180ML)
Added Component: Designator=Q1(DPAK127P1525X483-7N)
Added Component: Designator=Q2(DPAK127P1525X483-7N)
Added Component: Designator=Q3(DPAK127P1525X483-7N)
Added Component: Designator=Q4(DPAK127P1525X483-7N)
Added Component: Designator=Q5(DPAK127P1525X483-7N)
Added Component: Designator=Q6(DPAK127P1525X483-7N)
Added Component: Designator=R1(RESC0603(1608)_N)
Added Component: Designator=R2(RESC0603(1608)_N)
Added Component: Designator=R3(RESC0603(1608)_N)
Added Component: Designator=R4(RESC0603(1608)_N)
Added Component: Designator=R5(RESC0603(1608)_M)
Added Component: Designator=R6(RESC0603(1608)_N)
Added Component: Designator=R7(RESC0603(1608)_N)
Added Component: Designator=R8(RESC0603(1608)_M)
Added Component: Designator=R9(RESC0603(1608)_N)
Added Component: Designator=R10(RESC0603(1608)_N)
Added Component: Designator=R11(Shunt)
Added Component: Designator=R12(Shunt)
Added Component: Designator=R13(RESC0603(1608)_N)
Added Component: Designator=R14(RESC0603(1608)_N)
Added Component: Designator=R15(RESC0603(1608)_N)
Added Component: Designator=U1(LQFP-48)
Added Component: Designator=U2(TEENSY_3.0_ALLANALOG)
Added Component: Designator=U3(SON50P300X85_HS-17N)
Added Component: Designator=U4(SOT-223-DB3_M)
Added Component: Designator=U5(LT-MS8-8_N)
Added Component: Designator=U6(LT-MS8-8_N)
Added Pin To Net: NetName=+5V Pin=C7-1
Added Pin To Net: NetName=+5V Pin=C8-1
Added Pin To Net: NetName=+5V Pin=U5-1
Added Pin To Net: NetName=+5V Pin=U5-4
Added Pin To Net: NetName=+5V Pin=U6-1
Added Pin To Net: NetName=+5V Pin=U6-4
Added Net: Name=+5V
Added Pin To Net: NetName=5V Pin=C11-2
Added Pin To Net: NetName=5V Pin=C12-2
Added Pin To Net: NetName=5V Pin=D2-1
Added Pin To Net: NetName=5V Pin=JP2-7
Added Pin To Net: NetName=5V Pin=L1-2
Added Pin To Net: NetName=5V Pin=U3-9
Added Pin To Net: NetName=5V Pin=U4-3
Added Net: Name=5V
Added Pin To Net: NetName=C1 Pin=U2-18/A4
Added Pin To Net: NetName=C1 Pin=U5-7
Added Net: Name=C1
Added Pin To Net: NetName=C2 Pin=U2-19/A5
Added Pin To Net: NetName=C2 Pin=U6-7
Added Net: Name=C2
Added Pin To Net: NetName=CA Pin=C22-1
Added Pin To Net: NetName=CA Pin=U1-39
Added Net: Name=CA
Added Pin To Net: NetName=CB Pin=C23-1
Added Pin To Net: NetName=CB Pin=U1-32
Added Net: Name=CB
Added Pin To Net: NetName=CC Pin=C24-1
Added Pin To Net: NetName=CC Pin=U1-28
Added Net: Name=CC
Added Pin To Net: NetName=CLK Pin=JP2-5
Added Pin To Net: NetName=CLK Pin=U2-1
Added Net: Name=CLK
Added Pin To Net: NetName=CS Pin=JP2-6
Added Pin To Net: NetName=CS Pin=U2-2
Added Net: Name=CS
Added Pin To Net: NetName=DIO Pin=JP2-4
Added Pin To Net: NetName=DIO Pin=U2-0
Added Net: Name=DIO
Added Pin To Net: NetName=GHA Pin=R7-2
Added Pin To Net: NetName=GHA Pin=U1-38
Added Net: Name=GHA
Added Pin To Net: NetName=GHB Pin=R8-2
Added Pin To Net: NetName=GHB Pin=U1-31
Added Net: Name=GHB
Added Pin To Net: NetName=GHC Pin=R9-2
Added Pin To Net: NetName=GHC Pin=U1-27
Added Net: Name=GHC
Added Pin To Net: NetName=GLA Pin=R13-2
Added Pin To Net: NetName=GLA Pin=U1-33
Added Net: Name=GLA
Added Pin To Net: NetName=GLB Pin=R14-2
Added Pin To Net: NetName=GLB Pin=U1-29
Added Net: Name=GLB
Added Pin To Net: NetName=GLC Pin=R15-2
Added Pin To Net: NetName=GLC Pin=U1-22
Added Net: Name=GLC
Added Pin To Net: NetName=GND Pin=C1-1
Added Pin To Net: NetName=GND Pin=C2-1
Added Pin To Net: NetName=GND Pin=C3-1
Added Pin To Net: NetName=GND Pin=C4-1
Added Pin To Net: NetName=GND Pin=C5-1
Added Pin To Net: NetName=GND Pin=C6-2
Added Pin To Net: NetName=GND Pin=C7-2
Added Pin To Net: NetName=GND Pin=C8-2
Added Pin To Net: NetName=GND Pin=C9-1
Added Pin To Net: NetName=GND Pin=C10-1
Added Pin To Net: NetName=GND Pin=C11-1
Added Pin To Net: NetName=GND Pin=C12-1
Added Pin To Net: NetName=GND Pin=C13-2
Added Pin To Net: NetName=GND Pin=C14-2
Added Pin To Net: NetName=GND Pin=C15-1
Added Pin To Net: NetName=GND Pin=C16-1
Added Pin To Net: NetName=GND Pin=C18-1
Added Pin To Net: NetName=GND Pin=C19-1
Added Pin To Net: NetName=GND Pin=C20-2
Added Pin To Net: NetName=GND Pin=C21-1
Added Pin To Net: NetName=GND Pin=C25-1
Added Pin To Net: NetName=GND Pin=C26-1
Added Pin To Net: NetName=GND Pin=C27-1
Added Pin To Net: NetName=GND Pin=C28-1
Added Pin To Net: NetName=GND Pin=C29-1
Added Pin To Net: NetName=GND Pin=C30-1
Added Pin To Net: NetName=GND Pin=C31-1
Added Pin To Net: NetName=GND Pin=C32-1
Added Pin To Net: NetName=GND Pin=C33-1
Added Pin To Net: NetName=GND Pin=C34-1
Added Pin To Net: NetName=GND Pin=C35-1
Added Pin To Net: NetName=GND Pin=D1-C
Added Pin To Net: NetName=GND Pin=D2-2
Added Pin To Net: NetName=GND Pin=D3-C
Added Pin To Net: NetName=GND Pin=D4-C
Added Pin To Net: NetName=GND Pin=D5-C
Added Pin To Net: NetName=GND Pin=D6-1
Added Pin To Net: NetName=GND Pin=JP1-1
Added Pin To Net: NetName=GND Pin=JP2-1
Added Pin To Net: NetName=GND Pin=Q4-2
Added Pin To Net: NetName=GND Pin=Q4-2
Added Pin To Net: NetName=GND Pin=Q4-2
Added Pin To Net: NetName=GND Pin=Q4-2
Added Pin To Net: NetName=GND Pin=Q4-2
Added Pin To Net: NetName=GND Pin=Q5-2
Added Pin To Net: NetName=GND Pin=Q5-2
Added Pin To Net: NetName=GND Pin=Q5-2
Added Pin To Net: NetName=GND Pin=Q5-2
Added Pin To Net: NetName=GND Pin=Q5-2
Added Pin To Net: NetName=GND Pin=Q6-2
Added Pin To Net: NetName=GND Pin=Q6-2
Added Pin To Net: NetName=GND Pin=Q6-2
Added Pin To Net: NetName=GND Pin=Q6-2
Added Pin To Net: NetName=GND Pin=Q6-2
Added Pin To Net: NetName=GND Pin=R6-2
Added Pin To Net: NetName=GND Pin=R10-1
Added Pin To Net: NetName=GND Pin=U1-3
Added Pin To Net: NetName=GND Pin=U1-13
Added Pin To Net: NetName=GND Pin=U1-21
Added Pin To Net: NetName=GND Pin=U1-23
Added Pin To Net: NetName=GND Pin=U1-45
Added Pin To Net: NetName=GND Pin=U1-47
Added Pin To Net: NetName=GND Pin=U2-GND
Added Pin To Net: NetName=GND Pin=U2-GND
Added Pin To Net: NetName=GND Pin=U2-GND
Added Pin To Net: NetName=GND Pin=U3-6
Added Pin To Net: NetName=GND Pin=U3-11
Added Pin To Net: NetName=GND Pin=U3-12
Added Pin To Net: NetName=GND Pin=U3-8
Added Pin To Net: NetName=GND Pin=U4-1
Added Pin To Net: NetName=GND Pin=U5-5
Added Pin To Net: NetName=GND Pin=U6-5
Added Net: Name=GND
Added Pin To Net: NetName=NetC6_1 Pin=C6-1
Added Pin To Net: NetName=NetC6_1 Pin=R5-1
Added Pin To Net: NetName=NetC6_1 Pin=R6-1
Added Pin To Net: NetName=NetC6_1 Pin=U2-17/A3
Added Net: Name=NetC6_1
Added Pin To Net: NetName=NetC17_1 Pin=C17-1
Added Pin To Net: NetName=NetC17_1 Pin=U1-44
Added Net: Name=NetC17_1
Added Pin To Net: NetName=NetC17_2 Pin=C17-2
Added Pin To Net: NetName=NetC17_2 Pin=U1-43
Added Net: Name=NetC17_2
Added Pin To Net: NetName=NetC20_1 Pin=C20-1
Added Pin To Net: NetName=NetC20_1 Pin=U1-40
Added Net: Name=NetC20_1
Added Pin To Net: NetName=NetD1_A Pin=D1-A
Added Pin To Net: NetName=NetD1_A Pin=R1-1
Added Net: Name=NetD1_A
Added Pin To Net: NetName=NetD3_A Pin=D3-A
Added Pin To Net: NetName=NetD3_A Pin=R2-1
Added Net: Name=NetD3_A
Added Pin To Net: NetName=NetD4_A Pin=D4-A
Added Pin To Net: NetName=NetD4_A Pin=R3-1
Added Net: Name=NetD4_A
Added Pin To Net: NetName=NetD5_A Pin=D5-A
Added Pin To Net: NetName=NetD5_A Pin=R4-1
Added Net: Name=NetD5_A
Added Pin To Net: NetName=NetD6_2 Pin=D6-2
Added Pin To Net: NetName=NetD6_2 Pin=L1-1
Added Pin To Net: NetName=NetD6_2 Pin=U3-1
Added Net: Name=NetD6_2
Added Pin To Net: NetName=NetQ1_2 Pin=Q1-1
Added Pin To Net: NetName=NetQ1_2 Pin=R7-1
Added Net: Name=NetQ1_2
Added Pin To Net: NetName=NetQ2_2 Pin=Q2-1
Added Pin To Net: NetName=NetQ2_2 Pin=R8-1
Added Net: Name=NetQ2_2
Added Pin To Net: NetName=NetQ3_2 Pin=Q3-1
Added Pin To Net: NetName=NetQ3_2 Pin=R9-1
Added Net: Name=NetQ3_2
Added Pin To Net: NetName=NetQ4_2 Pin=Q4-1
Added Pin To Net: NetName=NetQ4_2 Pin=R13-1
Added Net: Name=NetQ4_2
Added Pin To Net: NetName=NetQ5_2 Pin=Q5-1
Added Pin To Net: NetName=NetQ5_2 Pin=R14-1
Added Net: Name=NetQ5_2
Added Pin To Net: NetName=NetQ6_2 Pin=Q6-1
Added Pin To Net: NetName=NetQ6_2 Pin=R15-1
Added Net: Name=NetQ6_2
Added Pin To Net: NetName=NetR2_2 Pin=R2-2
Added Pin To Net: NetName=NetR2_2 Pin=U2-5
Added Net: Name=NetR2_2
Added Pin To Net: NetName=NetR3_2 Pin=R3-2
Added Pin To Net: NetName=NetR3_2 Pin=U2-11
Added Net: Name=NetR3_2
Added Pin To Net: NetName=NetR4_2 Pin=R4-2
Added Pin To Net: NetName=NetR4_2 Pin=U2-12
Added Net: Name=NetR4_2
Added Pin To Net: NetName=NetR10_2 Pin=R10-2
Added Pin To Net: NetName=NetR10_2 Pin=U1-48
Added Net: Name=NetR10_2
Added Pin To Net: NetName=NetR11_1 Pin=R11-1
Added Pin To Net: NetName=NetR11_1 Pin=U5-3
Added Net: Name=NetR11_1
Added Pin To Net: NetName=NetR12_1 Pin=R12-1
Added Pin To Net: NetName=NetR12_1 Pin=U6-3
Added Net: Name=NetR12_1
Added Pin To Net: NetName=NetU1_2 Pin=U1-2
Added Pin To Net: NetName=NetU1_2 Pin=U2-21/A7
Added Net: Name=NetU1_2
Added Pin To Net: NetName=NetU1_4 Pin=U1-4
Added Pin To Net: NetName=NetU1_4 Pin=U2-16/A2
Added Net: Name=NetU1_4
Added Pin To Net: NetName=NetU1_5 Pin=U1-5
Added Pin To Net: NetName=NetU1_5 Pin=U2-15/A1
Added Net: Name=NetU1_5
Added Pin To Net: NetName=NetU1_6 Pin=U1-6
Added Pin To Net: NetName=NetU1_6 Pin=U2-23/A9
Added Net: Name=NetU1_6
Added Pin To Net: NetName=NetU1_7 Pin=U1-7
Added Pin To Net: NetName=NetU1_7 Pin=U2-22/A8
Added Net: Name=NetU1_7
Added Pin To Net: NetName=NetU1_8 Pin=U1-8
Added Pin To Net: NetName=NetU1_8 Pin=U2-9
Added Net: Name=NetU1_8
Added Pin To Net: NetName=NetU1_9 Pin=U1-9
Added Pin To Net: NetName=NetU1_9 Pin=U2-10
Added Net: Name=NetU1_9
Added Pin To Net: NetName=NetU1_10 Pin=U1-10
Added Pin To Net: NetName=NetU1_10 Pin=U2-20/A6
Added Net: Name=NetU1_10
Added Pin To Net: NetName=NetU1_11 Pin=U1-11
Added Pin To Net: NetName=NetU1_11 Pin=U2-6
Added Net: Name=NetU1_11
Added Pin To Net: NetName=NetU3_7 Pin=U3-7
Added Pin To Net: NetName=NetU3_7 Pin=U3-10
Added Net: Name=NetU3_7
Added Pin To Net: NetName=PWM_IN Pin=JP1-4
Added Pin To Net: NetName=PWM_IN Pin=U2-14/A0
Added Net: Name=PWM_IN
Added Pin To Net: NetName=QUAD_A Pin=JP2-3
Added Pin To Net: NetName=QUAD_A Pin=U2-3
Added Net: Name=QUAD_A
Added Pin To Net: NetName=QUAD_B Pin=JP2-2
Added Pin To Net: NetName=QUAD_B Pin=U2-4
Added Net: Name=QUAD_B
Added Pin To Net: NetName=SA Pin=C22-2
Added Pin To Net: NetName=SA Pin=Q1-2
Added Pin To Net: NetName=SA Pin=Q1-2
Added Pin To Net: NetName=SA Pin=Q1-2
Added Pin To Net: NetName=SA Pin=Q1-2
Added Pin To Net: NetName=SA Pin=Q1-2
Added Pin To Net: NetName=SA Pin=Q4-8
Added Pin To Net: NetName=SA Pin=R11-2
Added Pin To Net: NetName=SA Pin=U1-34
Added Pin To Net: NetName=SA Pin=U5-2
Added Net: Name=SA
Added Pin To Net: NetName=SB Pin=C23-2
Added Pin To Net: NetName=SB Pin=Q2-2
Added Pin To Net: NetName=SB Pin=Q2-2
Added Pin To Net: NetName=SB Pin=Q2-2
Added Pin To Net: NetName=SB Pin=Q2-2
Added Pin To Net: NetName=SB Pin=Q2-2
Added Pin To Net: NetName=SB Pin=Q5-8
Added Pin To Net: NetName=SB Pin=R12-2
Added Pin To Net: NetName=SB Pin=U1-30
Added Pin To Net: NetName=SB Pin=U6-2
Added Net: Name=SB
Added Pin To Net: NetName=SC Pin=C24-2
Added Pin To Net: NetName=SC Pin=Q3-2
Added Pin To Net: NetName=SC Pin=Q3-2
Added Pin To Net: NetName=SC Pin=Q3-2
Added Pin To Net: NetName=SC Pin=Q3-2
Added Pin To Net: NetName=SC Pin=Q3-2
Added Pin To Net: NetName=SC Pin=Q6-8
Added Pin To Net: NetName=SC Pin=U1-26
Added Net: Name=SC
Added Pin To Net: NetName=SER_RX Pin=JP1-3
Added Pin To Net: NetName=SER_RX Pin=U2-7
Added Net: Name=SER_RX
Added Pin To Net: NetName=SER_TX Pin=JP1-2
Added Pin To Net: NetName=SER_TX Pin=U2-8
Added Net: Name=SER_TX
Added Pin To Net: NetName=VCC Pin=C1-2
Added Pin To Net: NetName=VCC Pin=C2-2
Added Pin To Net: NetName=VCC Pin=C3-2
Added Pin To Net: NetName=VCC Pin=C4-2
Added Pin To Net: NetName=VCC Pin=C5-2
Added Pin To Net: NetName=VCC Pin=C9-2
Added Pin To Net: NetName=VCC Pin=C10-2
Added Pin To Net: NetName=VCC Pin=C13-1
Added Pin To Net: NetName=VCC Pin=C14-1
Added Pin To Net: NetName=VCC Pin=C31-2
Added Pin To Net: NetName=VCC Pin=C32-2
Added Pin To Net: NetName=VCC Pin=C33-2
Added Pin To Net: NetName=VCC Pin=C34-2
Added Pin To Net: NetName=VCC Pin=C35-2
Added Pin To Net: NetName=VCC Pin=JP1-5
Added Pin To Net: NetName=VCC Pin=R1-2
Added Pin To Net: NetName=VCC Pin=U1-12
Added Pin To Net: NetName=VCC Pin=U1-14
Added Pin To Net: NetName=VCC Pin=U1-15
Added Pin To Net: NetName=VCC Pin=U1-17
Added Pin To Net: NetName=VCC Pin=U1-20
Added Pin To Net: NetName=VCC Pin=U2-3.3V
Added Pin To Net: NetName=VCC Pin=U2-3.3V
Added Pin To Net: NetName=VCC Pin=U2-3.3V
Added Pin To Net: NetName=VCC Pin=U4-2
Added Pin To Net: NetName=VCC Pin=U4-2
Added Pin To Net: NetName=VCC Pin=U5-6
Added Pin To Net: NetName=VCC Pin=U6-6
Added Net: Name=VCC
Added Pin To Net: NetName=VDD Pin=C15-2
Added Pin To Net: NetName=VDD Pin=C16-2
Added Pin To Net: NetName=VDD Pin=C18-2
Added Pin To Net: NetName=VDD Pin=C19-2
Added Pin To Net: NetName=VDD Pin=C21-2
Added Pin To Net: NetName=VDD Pin=C25-2
Added Pin To Net: NetName=VDD Pin=C26-2
Added Pin To Net: NetName=VDD Pin=C27-2
Added Pin To Net: NetName=VDD Pin=C28-2
Added Pin To Net: NetName=VDD Pin=C29-2
Added Pin To Net: NetName=VDD Pin=C30-2
Added Pin To Net: NetName=VDD Pin=Q1-8
Added Pin To Net: NetName=VDD Pin=Q2-8
Added Pin To Net: NetName=VDD Pin=Q3-8
Added Pin To Net: NetName=VDD Pin=R5-2
Added Pin To Net: NetName=VDD Pin=U1-41
Added Pin To Net: NetName=VDD Pin=U1-46
Added Pin To Net: NetName=VDD Pin=U3-3
Added Pin To Net: NetName=VDD Pin=U3-14
Added Net: Name=VDD
Added Class: Name=ESC
Added Class: Name=U_MCU
Added Class: Name=U_Power
