Added Component: Designator=U2(TEENSY_3.0+4)
Added Pin To Net: NetName=DIO Pin=U2-0
Added Pin To Net: NetName=CLK Pin=U2-1
Added Pin To Net: NetName=CS Pin=U2-2
Added Pin To Net: NetName=VCC Pin=U2-3.3V
Added Pin To Net: NetName=QUAD_A Pin=U2-3
Added Pin To Net: NetName=QUAD_B Pin=U2-4
Added Pin To Net: NetName=NetR2_2 Pin=U2-5
Added Pin To Net: NetName=NetU1_11 Pin=U2-6
Added Pin To Net: NetName=SER_RX Pin=U2-7
Added Pin To Net: NetName=SER_TX Pin=U2-8
Added Pin To Net: NetName=NetU1_8 Pin=U2-9
Added Pin To Net: NetName=NetU1_9 Pin=U2-10
Added Pin To Net: NetName=NetR3_2 Pin=U2-11
Added Pin To Net: NetName=NetR4_2 Pin=U2-12
Added Pin To Net: NetName=PWM_IN Pin=U2-14/A0
Added Pin To Net: NetName=NetU1_5 Pin=U2-15/A1
Added Pin To Net: NetName=NetU1_4 Pin=U2-16/A2
Added Pin To Net: NetName=NetC6_1 Pin=U2-17/A3
Added Pin To Net: NetName=C1 Pin=U2-18/A4
Added Pin To Net: NetName=C2 Pin=U2-19/A5
Added Pin To Net: NetName=NetU1_10 Pin=U2-20/A6
Added Pin To Net: NetName=NetU1_2 Pin=U2-21/A7
Added Pin To Net: NetName=NetU1_7 Pin=U2-22/A8
Added Pin To Net: NetName=NetU1_6 Pin=U2-23/A9
Added Pin To Net: NetName=GND Pin=U2-GND
Added Member To Class: ClassName=U_MCU Member=Component U2 Teensy 3.0
