Change Component DesignItemId : Designator=R10 Old DesignItemId=Shunt New DesignItemId=WSL27261L000FEB
Change Component DesignItemId : Designator=R11 Old DesignItemId=Shunt New DesignItemId=WSL27261L000FEB
Change Component DesignItemId : Designator=R12 Old DesignItemId=Shunt New DesignItemId=WSL27261L000FEB
Change Component Footprint: Designator=R10 Old Footprint=Shunt New Footprint=WSL2726
Change Component Footprint: Designator=R11 Old Footprint=Shunt New Footprint=WSL2726
Change Component Footprint: Designator=R12 Old Footprint=Shunt New Footprint=WSL2726
Added Pin To Net: NetName=NetR10_3 Pin=R10-3
Added Pin To Net: NetName=NetR10_3 Pin=U7-8
Added Net: Name=NetR10_3
Added Pin To Net: NetName=NetR10_4 Pin=R10-4
Added Pin To Net: NetName=NetR10_4 Pin=U7-1
Added Net: Name=NetR10_4
Added Pin To Net: NetName=NetR11_3 Pin=R11-3
Added Pin To Net: NetName=NetR11_3 Pin=U8-8
Added Net: Name=NetR11_3
Added Pin To Net: NetName=NetR11_4 Pin=R11-4
Added Pin To Net: NetName=NetR11_4 Pin=U8-1
Added Net: Name=NetR11_4
Added Pin To Net: NetName=NetR12_3 Pin=R12-3
Added Pin To Net: NetName=NetR12_3 Pin=U9-8
Added Net: Name=NetR12_3
Added Pin To Net: NetName=NetR12_4 Pin=R12-4
Added Pin To Net: NetName=NetR12_4 Pin=U9-1
Added Net: Name=NetR12_4
