Removed Pin From Net: NetName=VCC Pin=C22-1
Removed Pin From Net: NetName=GND Pin=C22-2
Removed Pin From Net: NetName=NetQ4_2 Pin=R13-1
Removed Pin From Net: NetName=GLA Pin=R13-2
Change Component DesignItemId : Designator=R13 Old DesignItemId=CMP-1012-00018-1 New DesignItemId=CMP-1011-00623-1
Change Component Comment : Designator=R13 Old Comment=4R7 New Comment=10K
Change Component Description : Designator=R13 Old Description=4R7 0.1W 5% 0603 (1608 Metric)  SMD New Description=10K 0.063W 1% 0402 (1005 Metric)  SMD
Added Component: Designator=C37(CAPC0402(1005)60_M)
Added Component: Designator=C38(CAPC0402(1005)60_L)
Added Component: Designator=D3(ONSC-SOD-123-2-425-04_V)
Added Component: Designator=D4(ONSC-SOD-123-2-425-04_V)
Added Component: Designator=D5(ONSC-SOD-123-2-425-04_V)
Added Component: Designator=D10(VISH-DO-214AC-2_N)
Added Component: Designator=R26(RESC0402(1005)_L)
Added Component: Designator=R27(RESC0603(1608)_N)
Added Pin To Net: NetName=GND Pin=C22-1
Added Pin To Net: NetName=NetR18_2 Pin=C22-2
Added Pin To Net: NetName=VCC Pin=C22-1
Added Pin To Net: NetName=GND Pin=C22-2
Added Pin To Net: NetName=GND Pin=C38-1
Added Pin To Net: NetName=SA Pin=D3-1
Added Pin To Net: NetName=GND Pin=D3-2
Added Pin To Net: NetName=SB Pin=D4-1
Added Pin To Net: NetName=GND Pin=D4-2
Added Pin To Net: NetName=SC Pin=D5-1
Added Pin To Net: NetName=GND Pin=D5-2
Added Pin To Net: NetName=VDD Pin=D10-1
Added Pin To Net: NetName=GND Pin=D10-2
Added Pin To Net: NetName=GND Pin=R13-1
Added Pin To Net: NetName=VCC Pin=R26-2
Added Pin To Net: NetName=NetQ4_2 Pin=R13-1
Added Pin To Net: NetName=GLA Pin=R13-2
Change Net Name : Old Net Name=NetR18_2 New Net Name=NetC22_2
Added Pin To Net: NetName=NetC38_2 Pin=C38-2
Added Pin To Net: NetName=NetC38_2 Pin=R13-2
Added Pin To Net: NetName=NetC38_2 Pin=R26-1
Added Net: Name=NetC38_2
Added Member To Class: ClassName=U_MCU Member=Component C37 0.1uF
Added Member To Class: ClassName=U_MCU Member=Component C38 2.2uF
Added Member To Class: ClassName=U_Power Member=Component D3 MMSZ5262BT1G
Added Member To Class: ClassName=U_Power Member=Component D4 MMSZ5262BT1G
Added Member To Class: ClassName=U_Power Member=Component D5 MMSZ5262BT1G
Added Member To Class: ClassName=U_Power Member=Component D10 TVS 50V
Added Member To Class: ClassName=U_MCU Member=Component R13 10K
Added Member To Class: ClassName=U_MCU Member=Component R26 NTC_10K
