Added Component: Designator=U5(LT-MS8E-8-EDP_L)
Added Component: Designator=U6(LT-MS8E-8-EDP_L)
Added Pin To Net: NetName=NetU5_1 Pin=U5-1
Added Pin To Net: NetName=NetU5_2 Pin=U5-2
Added Pin To Net: NetName=12V Pin=U5-3
Added Pin To Net: NetName=GLB Pin=U5-4
Added Pin To Net: NetName=NetC19_2 Pin=U5-6
Added Pin To Net: NetName=GHB Pin=U5-7
Added Pin To Net: NetName=NetC19_1 Pin=U5-8
Added Pin To Net: NetName=GND Pin=U5-9
Added Pin To Net: NetName=NetU6_1 Pin=U6-1
Added Pin To Net: NetName=NetU6_2 Pin=U6-2
Added Pin To Net: NetName=12V Pin=U6-3
Added Pin To Net: NetName=GLC Pin=U6-4
Added Pin To Net: NetName=NetC20_2 Pin=U6-6
Added Pin To Net: NetName=GHC Pin=U6-7
Added Pin To Net: NetName=NetC20_1 Pin=U6-8
Added Pin To Net: NetName=GND Pin=U6-9
Added Member To Class: ClassName=U_Power Member=Component U5 LTC4444HMS8E#PBF
Added Member To Class: ClassName=U_Power Member=Component U6 LTC4444HMS8E#PBF
