Change Physical Footprint: Designator=C3 Old Footprint=AVX-CAPC7343_V New Footprint=AVX-CAPC7343_V
Change Physical Footprint: Designator=C7 Old Footprint=CAPC0603(1608)100_N New Footprint=CAPC0603(1608)100_N
Change Physical Footprint: Designator=C8 Old Footprint=CAPC0603(1608)100_N New Footprint=CAPC0603(1608)100_N
Change Physical Footprint: Designator=C9 Old Footprint=CAPC1206(3216)190_M New Footprint=CAPC1206(3216)190_M
Change Physical Footprint: Designator=C10 Old Footprint=CAPC1206(3216)190_M New Footprint=CAPC1206(3216)190_M
Change Physical Footprint: Designator=C11 Old Footprint=CAPC1206(3216)190_M New Footprint=CAPC1206(3216)190_M
Change Physical Footprint: Designator=C13 Old Footprint=CAPC0603(1608)100_N New Footprint=CAPC0603(1608)100_N
Change Physical Footprint: Designator=C15 Old Footprint=CAPC0805(2012)145_N New Footprint=CAPC0805(2012)145_N
Change Physical Footprint: Designator=C20 Old Footprint=CAPC0603(1608)55_N New Footprint=CAPC0603(1608)55_N
Change Physical Footprint: Designator=C21 Old Footprint=AVX-CAPC7343_V New Footprint=AVX-CAPC7343_V
Change Physical Footprint: Designator=C22 Old Footprint=CAPC1206(3216)190_M New Footprint=CAPC1206(3216)190_M
Change Physical Footprint: Designator=C23 Old Footprint=CAPC1206(3216)190_M New Footprint=CAPC1206(3216)190_M
Change Physical Footprint: Designator=C24 Old Footprint=CAPC1206(3216)190_M New Footprint=CAPC1206(3216)190_M
Change Physical Footprint: Designator=C25 Old Footprint=CAPC1206(3216)190_M New Footprint=CAPC1206(3216)190_M
Change Physical Footprint: Designator=C26 Old Footprint=CAPC1206(3216)190_M New Footprint=CAPC1206(3216)190_M
Change Physical Footprint: Designator=C27 Old Footprint=CAPC1206(3216)190_M New Footprint=CAPC1206(3216)190_M
Change Physical Footprint: Designator=C28 Old Footprint=CAPC0603(1608)55_N New Footprint=CAPC0603(1608)55_N
Change Physical Footprint: Designator=C29 Old Footprint=CAPC0603(1608)55_N New Footprint=CAPC0603(1608)55_N
Change Physical Footprint: Designator=C30 Old Footprint=CAPC0603(1608)55_N New Footprint=CAPC0603(1608)55_N
Change Physical Footprint: Designator=C31 Old Footprint=CAPC0603(1608)55_N New Footprint=CAPC0603(1608)55_N
Change Physical Footprint: Designator=C32 Old Footprint=CAPC0603(1608)55_N New Footprint=CAPC0603(1608)55_N
Change Physical Footprint: Designator=D2 Old Footprint=VISH-DO-214AC-2_N New Footprint=VISH-DO-214AC-2_N
Change Physical Footprint: Designator=L1 Old Footprint=SDR0805-180ML New Footprint=SDR0805-180ML
Change Physical Footprint: Designator=Q1 Old Footprint=DPAK127P1525X483-7N New Footprint=DPAK127P1525X483-7N
Change Physical Footprint: Designator=Q2 Old Footprint=DPAK127P1525X483-7N New Footprint=DPAK127P1525X483-7N
Change Physical Footprint: Designator=Q3 Old Footprint=DPAK127P1525X483-7N New Footprint=DPAK127P1525X483-7N
Change Physical Footprint: Designator=Q4 Old Footprint=DPAK127P1525X483-7N New Footprint=DPAK127P1525X483-7N
Change Physical Footprint: Designator=Q5 Old Footprint=DPAK127P1525X483-7N New Footprint=DPAK127P1525X483-7N
Change Physical Footprint: Designator=Q6 Old Footprint=DPAK127P1525X483-7N New Footprint=DPAK127P1525X483-7N
Change Physical Footprint: Designator=R3 Old Footprint=RESC0603(1608)_N New Footprint=RESC0603(1608)_N
Change Physical Footprint: Designator=R8 Old Footprint=RESC0603(1608)_N New Footprint=RESC0603(1608)_N
Change Physical Footprint: Designator=R9 Old Footprint=RESC0603(1608)_N New Footprint=RESC0603(1608)_N
Change Physical Footprint: Designator=R10 Old Footprint=RESC0603(1608)_N New Footprint=RESC0603(1608)_N
Change Physical Footprint: Designator=R12 Old Footprint=RESC0603(1608)_N New Footprint=RESC0603(1608)_N
Change Physical Footprint: Designator=R13 Old Footprint=RESC0603(1608)_N New Footprint=RESC0603(1608)_N
Change Physical Footprint: Designator=R14 Old Footprint=RESC0603(1608)_N New Footprint=RESC0603(1608)_N
Change Physical Footprint: Designator=R17 Old Footprint=RESC0603(1608)_M New Footprint=RESC0603(1608)_M
Change Physical Footprint: Designator=R19 Old Footprint=RESC0603(1608)_N New Footprint=RESC0603(1608)_N
Change Physical Footprint: Designator=R20 Old Footprint=RESC0603(1608)_N New Footprint=RESC0603(1608)_N
Change Physical Footprint: Designator=R23 Old Footprint=RESC0603(1608)_N New Footprint=RESC0603(1608)_N
Change Physical Footprint: Designator=R24 Old Footprint=RESC0603(1608)_N New Footprint=RESC0603(1608)_N
Change Physical Footprint: Designator=R25 Old Footprint=RESC0603(1608)_N New Footprint=RESC0603(1608)_N
Change Physical Footprint: Designator=R26 Old Footprint=RESC0603(1608)_N New Footprint=RESC0603(1608)_N
