Added Component: Designator=R16(RESC0603(1608)_L)
Added Component: Designator=R17(RESC0603(1608)_L)
Added Component: Designator=R18(RESC0603(1608)_L)
Added Pin To Net: NetName=VDD Pin=C16-1
Added Pin To Net: NetName=GND Pin=C16-2
Added Pin To Net: NetName=5V Pin=R16-2
Added Pin To Net: NetName=VCC Pin=R17-2
Added Pin To Net: NetName=GND Pin=R18-1
Added Pin To Net: NetName=NetC9_2 Pin=C9-2
Added Pin To Net: NetName=NetC9_2 Pin=C10-2
Added Pin To Net: NetName=NetC9_2 Pin=R17-1
Added Pin To Net: NetName=NetC9_2 Pin=R18-2
Added Pin To Net: NetName=NetC9_2 Pin=U5-6
Added Pin To Net: NetName=NetC9_2 Pin=U6-6
Added Net: Name=NetC9_2
Added Pin To Net: NetName=NetJP2_7 Pin=JP2-7
Added Pin To Net: NetName=NetJP2_7 Pin=R16-1
Added Net: Name=NetJP2_7
Added Member To Class: ClassName=ESC Member=Component R16 22R
Added Member To Class: ClassName=U_MCU Member=Component R17 10K
Added Member To Class: ClassName=U_MCU Member=Component R18 10K
